<?xml version="1.0" encoding="UTF-8"?>
<testsuite name="org.jmt.starfort.test.world.WorldTest" tests="2" skipped="0" failures="0" errors="0" timestamp="2016-02-11T23:09:12" hostname="Beta-8" time="0.003">
  <properties/>
  <testcase name="testGetBlock" classname="org.jmt.starfort.test.world.WorldTest" time="0.002"/>
  <testcase name="testGetBlocks" classname="org.jmt.starfort.test.world.WorldTest" time="0.001"/>
  <system-out><![CDATA[]]></system-out>
  <system-err><![CDATA[]]></system-err>
</testsuite>
