<?xml version="1.0" encoding="UTF-8"?>
<testsuite name="org.jmt.starfort.test.util.CoordTest" tests="3" skipped="0" failures="0" errors="0" timestamp="2016-02-11T23:09:12" hostname="Beta-8" time="0.003">
  <properties/>
  <testcase name="testHash" classname="org.jmt.starfort.test.util.CoordTest" time="0.002"/>
  <testcase name="testEquals" classname="org.jmt.starfort.test.util.CoordTest" time="0.0"/>
  <testcase name="testStorage" classname="org.jmt.starfort.test.util.CoordTest" time="0.0"/>
  <system-out><![CDATA[]]></system-out>
  <system-err><![CDATA[]]></system-err>
</testsuite>
